<?xml version="1.0" encoding="UTF-8"?><testsuite failures="1" name="cucumber.runtime.formatter.JUnitFormatter" skipped="0" tests="1" time="4.038911">
<testcase classname="Login" name="Test the login functionality of EA application" time="4.038911">
<failure message="groovy.lang.MissingMethodException: No signature of method: static com.kms.katalon.core.webui.keyword.WebUiBuiltInKeywords.verifyTextPresent() is applicable for argument types: (java.lang.String, java.lang.Class) values: [Click for Generating JavaScript Alert, class com.sun.beans.decoder.TrueElementHandler]&#10;Possible solutions: verifyTextPresent(java.lang.String, boolean), verifyTextPresent(java.lang.String, boolean, com.kms.katalon.core.model.FailureHandling), verifyTextNotPresent(java.lang.String, boolean), verifyAlertPresent(int), verifyAlertPresent(int, com.kms.katalon.core.model.FailureHandling), verifyTextNotPresent(java.lang.String, boolean, com.kms.katalon.core.model.FailureHandling)&#10;&#9;at groovy.lang.MetaClassImpl.invokeStaticMissingMethod(MetaClassImpl.java:1503)&#10;&#9;at groovy.lang.MetaClassImpl.invokeStaticMethod(MetaClassImpl.java:1489)&#10;&#9;at org.codehaus.groovy.runtime.callsite.StaticMetaClassSite.call(StaticMetaClassSite.java:53)&#10;&#9;at org.codehaus.groovy.runtime.callsite.CallSiteArray.defaultCall(CallSiteArray.java:48)&#10;&#9;at org.codehaus.groovy.runtime.callsite.AbstractCallSite.call(AbstractCallSite.java:113)&#10;&#9;at org.codehaus.groovy.runtime.callsite.AbstractCallSite.call(AbstractCallSite.java:133)&#10;&#9;at loginsteps.loginstep.I_should_see_the_expected_text(loginstep.groovy:72)&#10;&#9;at ✽.I should see the expected text(/Users/mapolayom/Katalon/Ventas/Include/features/login.feature:28)&#10;"><![CDATA[Given I navigate the login page.............................................passed
When I enter username "admin" password "password"...........................passed
And I click login button....................................................passed
Then I should see the expected text.........................................failed

StackTrace:
groovy.lang.MissingMethodException: No signature of method: static com.kms.katalon.core.webui.keyword.WebUiBuiltInKeywords.verifyTextPresent() is applicable for argument types: (java.lang.String, java.lang.Class) values: [Click for Generating JavaScript Alert, class com.sun.beans.decoder.TrueElementHandler]
Possible solutions: verifyTextPresent(java.lang.String, boolean), verifyTextPresent(java.lang.String, boolean, com.kms.katalon.core.model.FailureHandling), verifyTextNotPresent(java.lang.String, boolean), verifyAlertPresent(int), verifyAlertPresent(int, com.kms.katalon.core.model.FailureHandling), verifyTextNotPresent(java.lang.String, boolean, com.kms.katalon.core.model.FailureHandling)
	at groovy.lang.MetaClassImpl.invokeStaticMissingMethod(MetaClassImpl.java:1503)
	at groovy.lang.MetaClassImpl.invokeStaticMethod(MetaClassImpl.java:1489)
	at org.codehaus.groovy.runtime.callsite.StaticMetaClassSite.call(StaticMetaClassSite.java:53)
	at org.codehaus.groovy.runtime.callsite.CallSiteArray.defaultCall(CallSiteArray.java:48)
	at org.codehaus.groovy.runtime.callsite.AbstractCallSite.call(AbstractCallSite.java:113)
	at org.codehaus.groovy.runtime.callsite.AbstractCallSite.call(AbstractCallSite.java:133)
	at loginsteps.loginstep.I_should_see_the_expected_text(loginstep.groovy:72)
	at ✽.I should see the expected text(/Users/mapolayom/Katalon/Ventas/Include/features/login.feature:28)
]]></failure>
</testcase>
</testsuite>
